<?xml version="1.0" encoding="UTF-8"?>
<!-- Generated by org.testng.reporters.JUnitReportReporter -->
<testsuite hostname="Azmat" failures="0" tests="1" name="BaseTest.BaseClass" time="30.483" errors="0" timestamp="2025-03-28T20:18:40 IST" skipped="0">
  <testcase classname="BaseTest.BaseClass" name="Base" time="30.483"/>
</testsuite> <!-- BaseTest.BaseClass -->
