<?xml version="1.0" encoding="UTF-8"?>
<!-- Generated by org.testng.reporters.JUnitReportReporter -->
<testsuite hostname="Azmat" failures="0" tests="1" name="Assignment.Assign2" time="3.768" errors="0" timestamp="2025-03-30T02:53:35 IST" skipped="0">
  <testcase classname="Assignment.Assign2" name="Story" time="3.768"/>
</testsuite> <!-- Assignment.Assign2 -->
