<?xml version="1.0" encoding="UTF-8"?>
<!-- Generated by org.testng.reporters.JUnitReportReporter -->
<testsuite hostname="Azmat" failures="0" tests="1" name="Assignment.prc" time="12.103" errors="0" timestamp="2025-03-29T00:22:04 IST" skipped="0">
  <testcase classname="Assignment.prc" name="chk" time="12.103"/>
</testsuite> <!-- Assignment.prc -->
