<?xml version="1.0" encoding="UTF-8"?>
<!-- Generated by org.testng.reporters.JUnitReportReporter -->
<testsuite hostname="Azmat" failures="0" tests="4" name="Assignment.Assign" time="5.664" errors="0" timestamp="2025-03-29T14:58:08 IST" skipped="0">
  <testcase classname="Assignment.Assign" name="Home" time="3.296"/>
  <testcase classname="Assignment.Assign" name="HomePageTitle" time="0.020"/>
  <testcase classname="Assignment.Assign" name="TopTab" time="0.049"/>
  <testcase classname="Assignment.Assign" name="Story" time="2.299"/>
</testsuite> <!-- Assignment.Assign -->
